<?xml version="1.0" encoding="UTF-8"?>
<robot generator="Robot 3.2.1 (Python 3.8.2 on darwin)" generated="20200619 11:56:04.045" rpa="false">
<suite id="s1" name="Patient" source="/Users/mild/Documents/Work_inet/Automate/Automate_Telemed/Automate_patient/testsuite/patient.robot">
<kw name="Open Dhi Patient" library="patient_resources" type="setup">
<kw name="Open Browser" library="SeleniumLibrary">
<doc>Opens a new browser instance to the optional ``url``.</doc>
<arguments>
<arg>${url_patient}</arg>
<arg>${browser}</arg>
</arguments>
<msg timestamp="20200619 11:56:04.224" level="INFO">Opening browser 'gc' to base url 'https://testportal.dhi.co.th/'.</msg>
<status status="PASS" starttime="20200619 11:56:04.223" endtime="20200619 11:56:07.133"></status>
</kw>
<kw name="Maximize Browser Window" library="SeleniumLibrary">
<doc>Maximizes current browser window.</doc>
<status status="PASS" starttime="20200619 11:56:07.133" endtime="20200619 11:56:07.283"></status>
</kw>
<kw name="Wait Until Page Contains" library="SeleniumLibrary">
<doc>Waits until ``text`` appears on the current page.</doc>
<arguments>
<arg>ปรึกษาอาการป่วยเบื้องต้น</arg>
<arg>timeout=15s</arg>
</arguments>
<status status="PASS" starttime="20200619 11:56:07.283" endtime="20200619 11:56:07.299"></status>
</kw>
<status status="PASS" starttime="20200619 11:56:04.223" endtime="20200619 11:56:07.299"></status>
</kw>
<test id="s1-t1" name="Login">
<kw name="Login with user patient" library="patient_resources">
<kw name="Wait Until Keyword Succeeds" library="BuiltIn">
<doc>Runs the specified keyword and retries if it fails.</doc>
<arguments>
<arg>5x</arg>
<arg>3s</arg>
<arg>Click Element</arg>
<arg>${f_login}</arg>
</arguments>
<kw name="Click Element" library="SeleniumLibrary">
<doc>Click the element identified by ``locator``.</doc>
<arguments>
<arg>${f_login}</arg>
</arguments>
<msg timestamp="20200619 11:56:07.301" level="INFO">Clicking element '//li[1]//a[1]//button[1]'.</msg>
<status status="PASS" starttime="20200619 11:56:07.301" endtime="20200619 11:56:07.351"></status>
</kw>
<status status="PASS" starttime="20200619 11:56:07.301" endtime="20200619 11:56:07.351"></status>
</kw>
<kw name="Wait Until Page Contains" library="SeleniumLibrary">
<doc>Waits until ``text`` appears on the current page.</doc>
<arguments>
<arg>เข้าสู่ระบบ</arg>
<arg>timeout=15s</arg>
</arguments>
<status status="PASS" starttime="20200619 11:56:07.351" endtime="20200619 11:56:07.376"></status>
</kw>
<kw name="Sleep" library="BuiltIn">
<doc>Pauses the test executed for the given time.</doc>
<arguments>
<arg>2s</arg>
</arguments>
<msg timestamp="20200619 11:56:09.376" level="INFO">Slept 2 seconds</msg>
<status status="PASS" starttime="20200619 11:56:07.376" endtime="20200619 11:56:09.377"></status>
</kw>
<kw name="Input Text" library="SeleniumLibrary">
<doc>Types the given ``text`` into the text field identified by ``locator``.</doc>
<arguments>
<arg>${username}</arg>
<arg>${user_patient}</arg>
</arguments>
<msg timestamp="20200619 11:56:09.377" level="INFO">Typing text 'vasinz' into text field '//input[@id='input-username']'.</msg>
<status status="PASS" starttime="20200619 11:56:09.377" endtime="20200619 11:56:09.489"></status>
</kw>
<kw name="Input Text" library="SeleniumLibrary">
<doc>Types the given ``text`` into the text field identified by ``locator``.</doc>
<arguments>
<arg>${password}</arg>
<arg>${password_patient}</arg>
</arguments>
<msg timestamp="20200619 11:56:09.489" level="INFO">Typing text 'm12345678' into text field '//input[@id='input-password']'.</msg>
<status status="PASS" starttime="20200619 11:56:09.489" endtime="20200619 11:56:09.588"></status>
</kw>
<kw name="Wait Until Keyword Succeeds" library="BuiltIn">
<doc>Runs the specified keyword and retries if it fails.</doc>
<arguments>
<arg>5x</arg>
<arg>3s</arg>
<arg>Click Element</arg>
<arg>${login_button}</arg>
</arguments>
<kw name="Click Element" library="SeleniumLibrary">
<doc>Click the element identified by ``locator``.</doc>
<arguments>
<arg>${login_button}</arg>
</arguments>
<msg timestamp="20200619 11:56:09.589" level="INFO">Clicking element '//body//button[1]'.</msg>
<status status="PASS" starttime="20200619 11:56:09.589" endtime="20200619 11:56:09.642"></status>
</kw>
<status status="PASS" starttime="20200619 11:56:09.589" endtime="20200619 11:56:09.642"></status>
</kw>
<kw name="Wait Until Page Contains" library="SeleniumLibrary">
<doc>Waits until ``text`` appears on the current page.</doc>
<arguments>
<arg>ปรึกษาอาการป่วยเบื้องต้น</arg>
<arg>timeout=15s</arg>
</arguments>
<status status="PASS" starttime="20200619 11:56:09.642" endtime="20200619 11:56:10.318"></status>
</kw>
<status status="PASS" starttime="20200619 11:56:07.300" endtime="20200619 11:56:10.319"></status>
</kw>
<kw name="Close Browser" library="SeleniumLibrary">
<doc>Closes the current browser.</doc>
<status status="PASS" starttime="20200619 11:56:10.319" endtime="20200619 11:56:10.431"></status>
</kw>
<status status="PASS" starttime="20200619 11:56:07.299" endtime="20200619 11:56:10.432" critical="yes"></status>
</test>
<status status="PASS" starttime="20200619 11:56:04.047" endtime="20200619 11:56:10.433"></status>
</suite>
<statistics>
<total>
<stat pass="1" fail="0">Critical Tests</stat>
<stat pass="1" fail="0">All Tests</stat>
</total>
<tag>
</tag>
<suite>
<stat pass="1" fail="0" id="s1" name="Patient">Patient</stat>
</suite>
</statistics>
<errors>
</errors>
</robot>
