<?xml version="1.0" encoding="UTF-8"?>
<robot generator="Robot 3.2.1 (Python 3.8.2 on darwin)" generated="20200624 15:42:01.224" rpa="false">
<suite id="s1" name="Patient" source="/Users/mild/Documents/Work_inet/Automate/Automate_Telemed/Automate_patient/testsuite/patient.robot">
<test id="s1-t1" name="Login">
<kw name="Open Dhi Patient" library="patient_resources">
<kw name="Open Browser" library="SeleniumLibrary">
<doc>Opens a new browser instance to the optional ``url``.</doc>
<arguments>
<arg>${url_patient}</arg>
<arg>${browser}</arg>
</arguments>
<msg timestamp="20200624 15:42:01.383" level="INFO">Opening browser 'gc' to base url 'https://testportal.dhi.co.th/'.</msg>
<status status="PASS" starttime="20200624 15:42:01.382" endtime="20200624 15:42:04.120"></status>
</kw>
<kw name="Maximize Browser Window" library="SeleniumLibrary">
<doc>Maximizes current browser window.</doc>
<status status="PASS" starttime="20200624 15:42:04.120" endtime="20200624 15:42:04.262"></status>
</kw>
<kw name="Wait Until Page Contains" library="SeleniumLibrary">
<doc>Waits until ``text`` appears on the current page.</doc>
<arguments>
<arg>ปรึกษาอาการป่วยเบื้องต้น</arg>
<arg>timeout=15s</arg>
</arguments>
<status status="PASS" starttime="20200624 15:42:04.262" endtime="20200624 15:42:04.276"></status>
</kw>
<status status="PASS" starttime="20200624 15:42:01.382" endtime="20200624 15:42:04.276"></status>
</kw>
<kw name="Login with user patient" library="patient_resources">
<kw name="Wait Until Keyword Succeeds" library="BuiltIn">
<doc>Runs the specified keyword and retries if it fails.</doc>
<arguments>
<arg>5x</arg>
<arg>3s</arg>
<arg>Click Element</arg>
<arg>${f_login}</arg>
</arguments>
<kw name="Click Element" library="SeleniumLibrary">
<doc>Click the element identified by ``locator``.</doc>
<arguments>
<arg>${f_login}</arg>
</arguments>
<msg timestamp="20200624 15:42:04.277" level="INFO">Clicking element '//li[1]//a[1]//button[1]'.</msg>
<status status="PASS" starttime="20200624 15:42:04.277" endtime="20200624 15:42:04.313"></status>
</kw>
<status status="PASS" starttime="20200624 15:42:04.276" endtime="20200624 15:42:04.313"></status>
</kw>
<kw name="Wait Until Page Contains" library="SeleniumLibrary">
<doc>Waits until ``text`` appears on the current page.</doc>
<arguments>
<arg>เข้าสู่ระบบ</arg>
<arg>timeout=15s</arg>
</arguments>
<status status="PASS" starttime="20200624 15:42:04.313" endtime="20200624 15:42:04.342"></status>
</kw>
<kw name="Sleep" library="BuiltIn">
<doc>Pauses the test executed for the given time.</doc>
<arguments>
<arg>2s</arg>
</arguments>
<msg timestamp="20200624 15:42:06.344" level="INFO">Slept 2 seconds</msg>
<status status="PASS" starttime="20200624 15:42:04.342" endtime="20200624 15:42:06.344"></status>
</kw>
<kw name="Input Text" library="SeleniumLibrary">
<doc>Types the given ``text`` into the text field identified by ``locator``.</doc>
<arguments>
<arg>${username}</arg>
<arg>${user_patient}</arg>
</arguments>
<msg timestamp="20200624 15:42:06.346" level="INFO">Typing text 'vasinz' into text field '//input[@id='input-username']'.</msg>
<status status="PASS" starttime="20200624 15:42:06.345" endtime="20200624 15:42:06.457"></status>
</kw>
<kw name="Input Text" library="SeleniumLibrary">
<doc>Types the given ``text`` into the text field identified by ``locator``.</doc>
<arguments>
<arg>${password}</arg>
<arg>${password_patient}</arg>
</arguments>
<msg timestamp="20200624 15:42:06.457" level="INFO">Typing text 'm12345678' into text field '//input[@id='input-password']'.</msg>
<status status="PASS" starttime="20200624 15:42:06.457" endtime="20200624 15:42:06.560"></status>
</kw>
<kw name="Wait Until Keyword Succeeds" library="BuiltIn">
<doc>Runs the specified keyword and retries if it fails.</doc>
<arguments>
<arg>5x</arg>
<arg>3s</arg>
<arg>Click Element</arg>
<arg>${login_button}</arg>
</arguments>
<kw name="Click Element" library="SeleniumLibrary">
<doc>Click the element identified by ``locator``.</doc>
<arguments>
<arg>${login_button}</arg>
</arguments>
<msg timestamp="20200624 15:42:06.560" level="INFO">Clicking element '//body//button[1]'.</msg>
<status status="PASS" starttime="20200624 15:42:06.560" endtime="20200624 15:42:06.612"></status>
</kw>
<status status="PASS" starttime="20200624 15:42:06.560" endtime="20200624 15:42:06.612"></status>
</kw>
<kw name="Wait Until Page Contains" library="SeleniumLibrary">
<doc>Waits until ``text`` appears on the current page.</doc>
<arguments>
<arg>ปรึกษาอาการป่วยเบื้องต้น</arg>
<arg>timeout=15s</arg>
</arguments>
<status status="PASS" starttime="20200624 15:42:06.612" endtime="20200624 15:42:07.477"></status>
</kw>
<status status="PASS" starttime="20200624 15:42:04.276" endtime="20200624 15:42:07.477"></status>
</kw>
<kw name="Sleep" library="BuiltIn">
<doc>Pauses the test executed for the given time.</doc>
<arguments>
<arg>10s</arg>
</arguments>
<msg timestamp="20200624 15:42:17.480" level="INFO">Slept 10 seconds</msg>
<status status="PASS" starttime="20200624 15:42:07.477" endtime="20200624 15:42:17.480"></status>
</kw>
<kw name="Close Browser" library="SeleniumLibrary">
<doc>Closes the current browser.</doc>
<status status="PASS" starttime="20200624 15:42:17.481" endtime="20200624 15:42:17.591"></status>
</kw>
<status status="PASS" starttime="20200624 15:42:01.381" endtime="20200624 15:42:17.592" critical="yes"></status>
</test>
<test id="s1-t2" name="Edit Profile user">
<kw name="Open Dhi Patient" library="patient_resources">
<kw name="Open Browser" library="SeleniumLibrary">
<doc>Opens a new browser instance to the optional ``url``.</doc>
<arguments>
<arg>${url_patient}</arg>
<arg>${browser}</arg>
</arguments>
<msg timestamp="20200624 15:42:17.597" level="INFO">Opening browser 'gc' to base url 'https://testportal.dhi.co.th/'.</msg>
<status status="PASS" starttime="20200624 15:42:17.596" endtime="20200624 15:42:20.159"></status>
</kw>
<kw name="Maximize Browser Window" library="SeleniumLibrary">
<doc>Maximizes current browser window.</doc>
<status status="PASS" starttime="20200624 15:42:20.159" endtime="20200624 15:42:20.303"></status>
</kw>
<kw name="Wait Until Page Contains" library="SeleniumLibrary">
<doc>Waits until ``text`` appears on the current page.</doc>
<arguments>
<arg>ปรึกษาอาการป่วยเบื้องต้น</arg>
<arg>timeout=15s</arg>
</arguments>
<status status="PASS" starttime="20200624 15:42:20.304" endtime="20200624 15:42:20.318"></status>
</kw>
<status status="PASS" starttime="20200624 15:42:17.594" endtime="20200624 15:42:20.318"></status>
</kw>
<kw name="Edit Profile2">
<msg timestamp="20200624 15:42:20.323" level="FAIL">No keyword with name 'Edit Profile2' found. Did you mean:
    patient_resources.Edit Profile</msg>
<status status="FAIL" starttime="20200624 15:42:20.322" endtime="20200624 15:42:20.323"></status>
</kw>
<status status="FAIL" starttime="20200624 15:42:17.593" endtime="20200624 15:42:20.323" critical="yes">No keyword with name 'Edit Profile2' found. Did you mean:
    patient_resources.Edit Profile</status>
</test>
<status status="FAIL" starttime="20200624 15:42:01.227" endtime="20200624 15:42:20.324"></status>
</suite>
<statistics>
<total>
<stat pass="1" fail="1">Critical Tests</stat>
<stat pass="1" fail="1">All Tests</stat>
</total>
<tag>
</tag>
<suite>
<stat pass="1" fail="1" id="s1" name="Patient">Patient</stat>
</suite>
</statistics>
<errors>
</errors>
</robot>
