<?xml version="1.0" encoding="UTF-8"?>
<robot generator="Robot 3.2.1 (Python 3.8.2 on darwin)" generated="20200626 09:03:15.790" rpa="false">
<suite id="s1" name="Patient" source="/Users/mild/Documents/Work_inet/Automate/Automate_Telemed/Automate_patient/testsuite/patient.robot">
<test id="s1-t1" name="Login">
<kw name="Open Dhi Patient" library="patient_resources">
<kw name="Open Browser" library="SeleniumLibrary">
<doc>Opens a new browser instance to the optional ``url``.</doc>
<arguments>
<arg>${url_patient}</arg>
<arg>${browser}</arg>
</arguments>
<msg timestamp="20200626 09:03:15.940" level="INFO">Opening browser 'gc' to base url 'https://testportal.dhi.co.th/'.</msg>
<status status="PASS" starttime="20200626 09:03:15.939" endtime="20200626 09:03:18.840"></status>
</kw>
<kw name="Maximize Browser Window" library="SeleniumLibrary">
<doc>Maximizes current browser window.</doc>
<status status="PASS" starttime="20200626 09:03:18.841" endtime="20200626 09:03:18.983"></status>
</kw>
<kw name="Wait Until Page Contains" library="SeleniumLibrary">
<doc>Waits until ``text`` appears on the current page.</doc>
<arguments>
<arg>ปรึกษาอาการป่วยเบื้องต้น</arg>
<arg>timeout=15s</arg>
</arguments>
<status status="PASS" starttime="20200626 09:03:18.983" endtime="20200626 09:03:19.000"></status>
</kw>
<status status="PASS" starttime="20200626 09:03:15.939" endtime="20200626 09:03:19.001"></status>
</kw>
<kw name="Login with user patient" library="patient_resources">
<kw name="Wait Until Keyword Succeeds" library="BuiltIn">
<doc>Runs the specified keyword and retries if it fails.</doc>
<arguments>
<arg>5x</arg>
<arg>3s</arg>
<arg>Click Element</arg>
<arg>${f_login}</arg>
</arguments>
<kw name="Click Element" library="SeleniumLibrary">
<doc>Click the element identified by ``locator``.</doc>
<arguments>
<arg>${f_login}</arg>
</arguments>
<msg timestamp="20200626 09:03:19.003" level="INFO">Clicking element '//li[1]//a[1]//button[1]'.</msg>
<status status="PASS" starttime="20200626 09:03:19.002" endtime="20200626 09:03:19.042"></status>
</kw>
<status status="PASS" starttime="20200626 09:03:19.002" endtime="20200626 09:03:19.042"></status>
</kw>
<kw name="Wait Until Page Contains" library="SeleniumLibrary">
<doc>Waits until ``text`` appears on the current page.</doc>
<arguments>
<arg>เข้าสู่ระบบ</arg>
<arg>timeout=15s</arg>
</arguments>
<status status="PASS" starttime="20200626 09:03:19.042" endtime="20200626 09:03:19.054"></status>
</kw>
<kw name="Sleep" library="BuiltIn">
<doc>Pauses the test executed for the given time.</doc>
<arguments>
<arg>2s</arg>
</arguments>
<msg timestamp="20200626 09:03:21.056" level="INFO">Slept 2 seconds</msg>
<status status="PASS" starttime="20200626 09:03:19.054" endtime="20200626 09:03:21.056"></status>
</kw>
<kw name="Input Text" library="SeleniumLibrary">
<doc>Types the given ``text`` into the text field identified by ``locator``.</doc>
<arguments>
<arg>${username}</arg>
<arg>${user_patient}</arg>
</arguments>
<msg timestamp="20200626 09:03:21.057" level="INFO">Typing text 'vasinz' into text field '//input[@id='input-username']'.</msg>
<status status="PASS" starttime="20200626 09:03:21.056" endtime="20200626 09:03:21.174"></status>
</kw>
<kw name="Input Text" library="SeleniumLibrary">
<doc>Types the given ``text`` into the text field identified by ``locator``.</doc>
<arguments>
<arg>${password}</arg>
<arg>${password_patient}</arg>
</arguments>
<msg timestamp="20200626 09:03:21.175" level="INFO">Typing text 'm12345678' into text field '//input[@id='input-password']'.</msg>
<status status="PASS" starttime="20200626 09:03:21.174" endtime="20200626 09:03:21.276"></status>
</kw>
<kw name="Wait Until Keyword Succeeds" library="BuiltIn">
<doc>Runs the specified keyword and retries if it fails.</doc>
<arguments>
<arg>5x</arg>
<arg>3s</arg>
<arg>Click Element</arg>
<arg>${login_button}</arg>
</arguments>
<kw name="Click Element" library="SeleniumLibrary">
<doc>Click the element identified by ``locator``.</doc>
<arguments>
<arg>${login_button}</arg>
</arguments>
<msg timestamp="20200626 09:03:21.277" level="INFO">Clicking element '//body//button[1]'.</msg>
<status status="PASS" starttime="20200626 09:03:21.277" endtime="20200626 09:03:21.334"></status>
</kw>
<status status="PASS" starttime="20200626 09:03:21.276" endtime="20200626 09:03:21.334"></status>
</kw>
<kw name="Wait Until Page Contains" library="SeleniumLibrary">
<doc>Waits until ``text`` appears on the current page.</doc>
<arguments>
<arg>ปรึกษาอาการป่วยเบื้องต้น</arg>
<arg>timeout=15s</arg>
</arguments>
<status status="PASS" starttime="20200626 09:03:21.334" endtime="20200626 09:03:22.025"></status>
</kw>
<status status="PASS" starttime="20200626 09:03:19.001" endtime="20200626 09:03:22.025"></status>
</kw>
<kw name="Sleep" library="BuiltIn">
<doc>Pauses the test executed for the given time.</doc>
<arguments>
<arg>5s</arg>
</arguments>
<msg timestamp="20200626 09:03:27.026" level="INFO">Slept 5 seconds</msg>
<status status="PASS" starttime="20200626 09:03:22.026" endtime="20200626 09:03:27.027"></status>
</kw>
<status status="PASS" starttime="20200626 09:03:15.938" endtime="20200626 09:03:27.027" critical="yes"></status>
</test>
<test id="s1-t2" name="Edit Profile user">
<kw name="Open Dhi Patient" library="patient_resources">
<kw name="Open Browser" library="SeleniumLibrary">
<doc>Opens a new browser instance to the optional ``url``.</doc>
<arguments>
<arg>${url_patient}</arg>
<arg>${browser}</arg>
</arguments>
<msg timestamp="20200626 09:03:27.030" level="INFO">Opening browser 'gc' to base url 'https://testportal.dhi.co.th/'.</msg>
<status status="PASS" starttime="20200626 09:03:27.029" endtime="20200626 09:03:30.002"></status>
</kw>
<kw name="Maximize Browser Window" library="SeleniumLibrary">
<doc>Maximizes current browser window.</doc>
<status status="PASS" starttime="20200626 09:03:30.002" endtime="20200626 09:03:30.141"></status>
</kw>
<kw name="Wait Until Page Contains" library="SeleniumLibrary">
<doc>Waits until ``text`` appears on the current page.</doc>
<arguments>
<arg>ปรึกษาอาการป่วยเบื้องต้น</arg>
<arg>timeout=15s</arg>
</arguments>
<status status="PASS" starttime="20200626 09:03:30.141" endtime="20200626 09:03:30.156"></status>
</kw>
<status status="PASS" starttime="20200626 09:03:27.029" endtime="20200626 09:03:30.156"></status>
</kw>
<kw name="Edit Profile" library="patient_resources">
<kw name="Login with user patient" library="patient_resources">
<kw name="Wait Until Keyword Succeeds" library="BuiltIn">
<doc>Runs the specified keyword and retries if it fails.</doc>
<arguments>
<arg>5x</arg>
<arg>3s</arg>
<arg>Click Element</arg>
<arg>${f_login}</arg>
</arguments>
<kw name="Click Element" library="SeleniumLibrary">
<doc>Click the element identified by ``locator``.</doc>
<arguments>
<arg>${f_login}</arg>
</arguments>
<msg timestamp="20200626 09:03:30.158" level="INFO">Clicking element '//li[1]//a[1]//button[1]'.</msg>
<status status="PASS" starttime="20200626 09:03:30.158" endtime="20200626 09:03:30.193"></status>
</kw>
<status status="PASS" starttime="20200626 09:03:30.157" endtime="20200626 09:03:30.193"></status>
</kw>
<kw name="Wait Until Page Contains" library="SeleniumLibrary">
<doc>Waits until ``text`` appears on the current page.</doc>
<arguments>
<arg>เข้าสู่ระบบ</arg>
<arg>timeout=15s</arg>
</arguments>
<status status="PASS" starttime="20200626 09:03:30.193" endtime="20200626 09:03:30.204"></status>
</kw>
<kw name="Sleep" library="BuiltIn">
<doc>Pauses the test executed for the given time.</doc>
<arguments>
<arg>2s</arg>
</arguments>
<msg timestamp="20200626 09:03:32.204" level="INFO">Slept 2 seconds</msg>
<status status="PASS" starttime="20200626 09:03:30.204" endtime="20200626 09:03:32.205"></status>
</kw>
<kw name="Input Text" library="SeleniumLibrary">
<doc>Types the given ``text`` into the text field identified by ``locator``.</doc>
<arguments>
<arg>${username}</arg>
<arg>${user_patient}</arg>
</arguments>
<msg timestamp="20200626 09:03:32.206" level="INFO">Typing text 'vasinz' into text field '//input[@id='input-username']'.</msg>
<status status="PASS" starttime="20200626 09:03:32.205" endtime="20200626 09:03:32.322"></status>
</kw>
<kw name="Input Text" library="SeleniumLibrary">
<doc>Types the given ``text`` into the text field identified by ``locator``.</doc>
<arguments>
<arg>${password}</arg>
<arg>${password_patient}</arg>
</arguments>
<msg timestamp="20200626 09:03:32.323" level="INFO">Typing text 'm12345678' into text field '//input[@id='input-password']'.</msg>
<status status="PASS" starttime="20200626 09:03:32.322" endtime="20200626 09:03:32.433"></status>
</kw>
<kw name="Wait Until Keyword Succeeds" library="BuiltIn">
<doc>Runs the specified keyword and retries if it fails.</doc>
<arguments>
<arg>5x</arg>
<arg>3s</arg>
<arg>Click Element</arg>
<arg>${login_button}</arg>
</arguments>
<kw name="Click Element" library="SeleniumLibrary">
<doc>Click the element identified by ``locator``.</doc>
<arguments>
<arg>${login_button}</arg>
</arguments>
<msg timestamp="20200626 09:03:32.434" level="INFO">Clicking element '//body//button[1]'.</msg>
<status status="PASS" starttime="20200626 09:03:32.434" endtime="20200626 09:03:32.477"></status>
</kw>
<status status="PASS" starttime="20200626 09:03:32.433" endtime="20200626 09:03:32.477"></status>
</kw>
<kw name="Wait Until Page Contains" library="SeleniumLibrary">
<doc>Waits until ``text`` appears on the current page.</doc>
<arguments>
<arg>ปรึกษาอาการป่วยเบื้องต้น</arg>
<arg>timeout=15s</arg>
</arguments>
<status status="PASS" starttime="20200626 09:03:32.477" endtime="20200626 09:03:33.361"></status>
</kw>
<status status="PASS" starttime="20200626 09:03:30.157" endtime="20200626 09:03:33.362"></status>
</kw>
<kw name="Wait Until Keyword Succeeds" library="BuiltIn">
<doc>Runs the specified keyword and retries if it fails.</doc>
<arguments>
<arg>5x</arg>
<arg>3s</arg>
<arg>Click Element</arg>
<arg>${Hamberger}</arg>
</arguments>
<kw name="Click Element" library="SeleniumLibrary">
<doc>Click the element identified by ``locator``.</doc>
<arguments>
<arg>${Hamberger}</arg>
</arguments>
<msg timestamp="20200626 09:03:33.363" level="INFO">Clicking element '//nav[@id='nav']//*[local-name()='svg']//*[name()='path' and contains(@fill,'currentCol')]'.</msg>
<status status="PASS" starttime="20200626 09:03:33.362" endtime="20200626 09:03:33.423"></status>
</kw>
<status status="PASS" starttime="20200626 09:03:33.362" endtime="20200626 09:03:33.423"></status>
</kw>
<kw name="Wait Until Keyword Succeeds" library="BuiltIn">
<doc>Runs the specified keyword and retries if it fails.</doc>
<arguments>
<arg>5x</arg>
<arg>3s</arg>
<arg>Click Element</arg>
<arg>${Profile}</arg>
</arguments>
<kw name="Click Element" library="SeleniumLibrary">
<doc>Click the element identified by ``locator``.</doc>
<arguments>
<arg>${Profile}</arg>
</arguments>
<msg timestamp="20200626 09:03:33.423" level="INFO">Clicking element '//body[1]/div[1]/div[1]/main[1]/div[1]/div[2]/div[1]/div[1]/div[1]/div[3]/div[1]/ul[1]/li[1]/a[1]'.</msg>
<kw name="Capture Page Screenshot" library="SeleniumLibrary">
<doc>Takes a screenshot of the current page and embeds it into a log file.</doc>
<msg timestamp="20200626 09:03:34.152" level="INFO" html="yes">&lt;/td&gt;&lt;/tr&gt;&lt;tr&gt;&lt;td colspan="3"&gt;&lt;a href="selenium-screenshot-1.png"&gt;&lt;img src="selenium-screenshot-1.png" width="800px"&gt;&lt;/a&gt;</msg>
<status status="PASS" starttime="20200626 09:03:33.444" endtime="20200626 09:03:34.152"></status>
</kw>
<msg timestamp="20200626 09:03:34.157" level="FAIL">ElementNotInteractableException: Message: element not interactable
  (Session info: chrome=83.0.4103.116)
</msg>
<status status="FAIL" starttime="20200626 09:03:33.423" endtime="20200626 09:03:34.157"></status>
</kw>
<kw name="Click Element" library="SeleniumLibrary">
<doc>Click the element identified by ``locator``.</doc>
<arguments>
<arg>${Profile}</arg>
</arguments>
<msg timestamp="20200626 09:03:37.159" level="INFO">Clicking element '//body[1]/div[1]/div[1]/main[1]/div[1]/div[2]/div[1]/div[1]/div[1]/div[3]/div[1]/ul[1]/li[1]/a[1]'.</msg>
<status status="PASS" starttime="20200626 09:03:37.159" endtime="20200626 09:03:37.205"></status>
</kw>
<status status="PASS" starttime="20200626 09:03:33.423" endtime="20200626 09:03:37.206"></status>
</kw>
<kw name="Wait Until Page Contains" library="SeleniumLibrary">
<doc>Waits until ``text`` appears on the current page.</doc>
<arguments>
<arg>ข้อมูลผู้ป่วย</arg>
<arg>timeout=15s</arg>
</arguments>
<status status="PASS" starttime="20200626 09:03:37.206" endtime="20200626 09:03:37.651"></status>
</kw>
<kw name="Sleep" library="BuiltIn">
<doc>Pauses the test executed for the given time.</doc>
<arguments>
<arg>1s</arg>
</arguments>
<msg timestamp="20200626 09:03:38.652" level="INFO">Slept 1 second</msg>
<status status="PASS" starttime="20200626 09:03:37.651" endtime="20200626 09:03:38.652"></status>
</kw>
<kw name="Clear Element Text" library="SeleniumLibrary">
<doc>Clears the value of the text-input-element identified by ``locator``.</doc>
<arguments>
<arg>${disease}</arg>
</arguments>
<status status="PASS" starttime="20200626 09:03:38.653" endtime="20200626 09:03:38.703"></status>
</kw>
<kw name="Sleep" library="BuiltIn">
<doc>Pauses the test executed for the given time.</doc>
<arguments>
<arg>1s</arg>
</arguments>
<msg timestamp="20200626 09:03:39.704" level="INFO">Slept 1 second</msg>
<status status="PASS" starttime="20200626 09:03:38.703" endtime="20200626 09:03:39.704"></status>
</kw>
<kw name="Input Text" library="SeleniumLibrary">
<doc>Types the given ``text`` into the text field identified by ``locator``.</doc>
<arguments>
<arg>${disease}</arg>
<arg>test</arg>
</arguments>
<msg timestamp="20200626 09:03:39.705" level="INFO">Typing text 'test' into text field '//body[1]/div[1]/div[1]/main[1]/div[2]/div[1]/div[1]/div[2]/form[1]/div[1]/div[2]/div[1]/div[1]/fieldset[1]/div[1]/input[1]'.</msg>
<status status="PASS" starttime="20200626 09:03:39.705" endtime="20200626 09:03:39.896"></status>
</kw>
<kw name="Clear Element Text" library="SeleniumLibrary">
<doc>Clears the value of the text-input-element identified by ``locator``.</doc>
<arguments>
<arg>${drug_allergy}</arg>
</arguments>
<status status="PASS" starttime="20200626 09:03:39.897" endtime="20200626 09:03:39.936"></status>
</kw>
<kw name="Input Text" library="SeleniumLibrary">
<doc>Types the given ``text`` into the text field identified by ``locator``.</doc>
<arguments>
<arg>${drug_allergy}</arg>
<arg>test</arg>
</arguments>
<msg timestamp="20200626 09:03:39.936" level="INFO">Typing text 'test' into text field '//body[1]/div[1]/div[1]/main[1]/div[2]/div[1]/div[1]/div[2]/form[1]/div[1]/div[2]/div[1]/div[2]/fieldset[1]/div[1]/input[1]'.</msg>
<status status="PASS" starttime="20200626 09:03:39.936" endtime="20200626 09:03:40.096"></status>
</kw>
<kw name="Clear Element Text" library="SeleniumLibrary">
<doc>Clears the value of the text-input-element identified by ``locator``.</doc>
<arguments>
<arg>${food_allergy}</arg>
</arguments>
<status status="PASS" starttime="20200626 09:03:40.097" endtime="20200626 09:03:40.131"></status>
</kw>
<kw name="Input Text" library="SeleniumLibrary">
<doc>Types the given ``text`` into the text field identified by ``locator``.</doc>
<arguments>
<arg>${food_allergy}</arg>
<arg>test</arg>
</arguments>
<msg timestamp="20200626 09:03:40.132" level="INFO">Typing text 'test' into text field '//body[1]/div[1]/div[1]/main[1]/div[2]/div[1]/div[1]/div[2]/form[1]/div[1]/div[2]/div[1]/div[3]/fieldset[1]/div[1]/input[1]'.</msg>
<status status="PASS" starttime="20200626 09:03:40.131" endtime="20200626 09:03:40.277"></status>
</kw>
<kw name="Clear Element Text" library="SeleniumLibrary">
<doc>Clears the value of the text-input-element identified by ``locator``.</doc>
<arguments>
<arg>${alcohol}</arg>
</arguments>
<status status="PASS" starttime="20200626 09:03:40.277" endtime="20200626 09:03:40.310"></status>
</kw>
<kw name="Input Text" library="SeleniumLibrary">
<doc>Types the given ``text`` into the text field identified by ``locator``.</doc>
<arguments>
<arg>${alcohol}</arg>
<arg>test</arg>
</arguments>
<msg timestamp="20200626 09:03:40.310" level="INFO">Typing text 'test' into text field '//body[1]/div[1]/div[1]/main[1]/div[2]/div[1]/div[1]/div[2]/form[1]/div[1]/div[2]/div[1]/div[4]/fieldset[1]/div[1]/input[1]'.</msg>
<status status="PASS" starttime="20200626 09:03:40.310" endtime="20200626 09:03:40.452"></status>
</kw>
<kw name="Clear Element Text" library="SeleniumLibrary">
<doc>Clears the value of the text-input-element identified by ``locator``.</doc>
<arguments>
<arg>${smoking}</arg>
</arguments>
<status status="PASS" starttime="20200626 09:03:40.452" endtime="20200626 09:03:40.487"></status>
</kw>
<kw name="Input Text" library="SeleniumLibrary">
<doc>Types the given ``text`` into the text field identified by ``locator``.</doc>
<arguments>
<arg>${smoking}</arg>
<arg>test</arg>
</arguments>
<msg timestamp="20200626 09:03:40.487" level="INFO">Typing text 'test' into text field '//body[1]/div[1]/div[1]/main[1]/div[2]/div[1]/div[1]/div[2]/form[1]/div[1]/div[2]/div[1]/div[5]/fieldset[1]/div[1]/input[1]'.</msg>
<status status="PASS" starttime="20200626 09:03:40.487" endtime="20200626 09:03:40.629"></status>
</kw>
<kw name="Sleep" library="BuiltIn">
<doc>Pauses the test executed for the given time.</doc>
<arguments>
<arg>2s</arg>
</arguments>
<msg timestamp="20200626 09:03:42.631" level="INFO">Slept 2 seconds</msg>
<status status="PASS" starttime="20200626 09:03:40.629" endtime="20200626 09:03:42.632"></status>
</kw>
<kw name="Clear Element Text" library="SeleniumLibrary">
<doc>Clears the value of the text-input-element identified by ``locator``.</doc>
<arguments>
<arg>${address}</arg>
</arguments>
<status status="PASS" starttime="20200626 09:03:42.632" endtime="20200626 09:03:42.669"></status>
</kw>
<kw name="Input Text" library="SeleniumLibrary">
<doc>Types the given ``text`` into the text field identified by ``locator``.</doc>
<arguments>
<arg>${address}</arg>
<arg>test</arg>
</arguments>
<msg timestamp="20200626 09:03:42.669" level="INFO">Typing text 'test' into text field '//body[1]/div[1]/div[1]/main[1]/div[2]/div[1]/div[1]/div[2]/form[1]/div[2]/div[2]/div[1]/div[13]/fieldset[1]/div[1]/textarea[1]'.</msg>
<status status="PASS" starttime="20200626 09:03:42.669" endtime="20200626 09:03:42.825"></status>
</kw>
<kw name="Clear Element Text" library="SeleniumLibrary">
<doc>Clears the value of the text-input-element identified by ``locator``.</doc>
<arguments>
<arg>${contract_name}</arg>
</arguments>
<status status="PASS" starttime="20200626 09:03:42.825" endtime="20200626 09:03:42.859"></status>
</kw>
<kw name="Input Text" library="SeleniumLibrary">
<doc>Types the given ``text`` into the text field identified by ``locator``.</doc>
<arguments>
<arg>${contract_name}</arg>
<arg>Ora</arg>
</arguments>
<msg timestamp="20200626 09:03:42.860" level="INFO">Typing text 'Ora' into text field '//body[1]/div[1]/div[1]/main[1]/div[2]/div[1]/div[1]/div[2]/form[1]/div[3]/div[2]/div[1]/div[1]/fieldset[1]/div[1]/input[1]'.</msg>
<status status="PASS" starttime="20200626 09:03:42.860" endtime="20200626 09:03:42.989"></status>
</kw>
<kw name="Clear Element Text" library="SeleniumLibrary">
<doc>Clears the value of the text-input-element identified by ``locator``.</doc>
<arguments>
<arg>${contract_surname}</arg>
</arguments>
<status status="PASS" starttime="20200626 09:03:42.989" endtime="20200626 09:03:43.024"></status>
</kw>
<kw name="Input Text" library="SeleniumLibrary">
<doc>Types the given ``text`` into the text field identified by ``locator``.</doc>
<arguments>
<arg>${contract_surname}</arg>
<arg>Griffith</arg>
</arguments>
<msg timestamp="20200626 09:03:43.024" level="INFO">Typing text 'Griffith' into text field '//body[1]/div[1]/div[1]/main[1]/div[2]/div[1]/div[1]/div[2]/form[1]/div[3]/div[2]/div[1]/div[2]/fieldset[1]/div[1]/input[1]'.</msg>
<status status="PASS" starttime="20200626 09:03:43.024" endtime="20200626 09:03:43.263"></status>
</kw>
<kw name="Clear Element Text" library="SeleniumLibrary">
<doc>Clears the value of the text-input-element identified by ``locator``.</doc>
<arguments>
<arg>${contract_phone}</arg>
</arguments>
<status status="PASS" starttime="20200626 09:03:43.263" endtime="20200626 09:03:43.295"></status>
</kw>
<kw name="Input Text" library="SeleniumLibrary">
<doc>Types the given ``text`` into the text field identified by ``locator``.</doc>
<arguments>
<arg>${contract_phone}</arg>
<arg>0987654321</arg>
</arguments>
<msg timestamp="20200626 09:03:43.295" level="INFO">Typing text '0987654321' into text field '//body[1]/div[1]/div[1]/main[1]/div[2]/div[1]/div[1]/div[2]/form[1]/div[3]/div[2]/div[1]/div[3]/fieldset[1]/div[1]/input[1]'.</msg>
<status status="PASS" starttime="20200626 09:03:43.295" endtime="20200626 09:03:43.574"></status>
</kw>
<kw name="Clear Element Text" library="SeleniumLibrary">
<doc>Clears the value of the text-input-element identified by ``locator``.</doc>
<arguments>
<arg>${contract_relation}</arg>
</arguments>
<status status="PASS" starttime="20200626 09:03:43.574" endtime="20200626 09:03:43.607"></status>
</kw>
<kw name="Input Text" library="SeleniumLibrary">
<doc>Types the given ``text`` into the text field identified by ``locator``.</doc>
<arguments>
<arg>${contract_relation}</arg>
<arg>someone</arg>
</arguments>
<msg timestamp="20200626 09:03:43.607" level="INFO">Typing text 'someone' into text field '//body[1]/div[1]/div[1]/main[1]/div[2]/div[1]/div[1]/div[2]/form[1]/div[3]/div[2]/div[1]/div[4]/fieldset[1]/div[1]/input[1]'.</msg>
<status status="PASS" starttime="20200626 09:03:43.607" endtime="20200626 09:03:43.810"></status>
</kw>
<kw name="Sleep" library="BuiltIn">
<doc>Pauses the test executed for the given time.</doc>
<arguments>
<arg>2s</arg>
</arguments>
<msg timestamp="20200626 09:03:45.811" level="INFO">Slept 2 seconds</msg>
<status status="PASS" starttime="20200626 09:03:43.810" endtime="20200626 09:03:45.811"></status>
</kw>
<kw name="Wait Until Keyword Succeeds" library="BuiltIn">
<doc>Runs the specified keyword and retries if it fails.</doc>
<arguments>
<arg>5x</arg>
<arg>3s</arg>
<arg>Click Element</arg>
<arg>${save_profile}</arg>
</arguments>
<kw name="Click Element" library="SeleniumLibrary">
<doc>Click the element identified by ``locator``.</doc>
<arguments>
<arg>${save_profile}</arg>
</arguments>
<msg timestamp="20200626 09:03:45.812" level="INFO">Clicking element '//body[1]/div[1]/div[1]/main[1]/div[2]/div[1]/div[1]/div[2]/form[1]/button[1]'.</msg>
<status status="PASS" starttime="20200626 09:03:45.812" endtime="20200626 09:03:45.920"></status>
</kw>
<status status="PASS" starttime="20200626 09:03:45.811" endtime="20200626 09:03:45.920"></status>
</kw>
<kw name="Wait Until Page Contains Element" library="SeleniumLibrary">
<doc>Waits until the element ``locator`` appears on the current page.</doc>
<arguments>
<arg>${check_update_profile}</arg>
<arg>timeout=15s</arg>
</arguments>
<status status="PASS" starttime="20200626 09:03:45.920" endtime="20200626 09:03:45.929"></status>
</kw>
<status status="PASS" starttime="20200626 09:03:30.157" endtime="20200626 09:03:45.929"></status>
</kw>
<kw name="Sleep" library="BuiltIn">
<doc>Pauses the test executed for the given time.</doc>
<arguments>
<arg>5s</arg>
</arguments>
<msg timestamp="20200626 09:03:50.931" level="INFO">Slept 5 seconds</msg>
<status status="PASS" starttime="20200626 09:03:45.930" endtime="20200626 09:03:50.931"></status>
</kw>
<status status="PASS" starttime="20200626 09:03:27.028" endtime="20200626 09:03:50.932" critical="yes"></status>
</test>
<test id="s1-t3" name="Appointment Doctor">
<kw name="Open Dhi Patient" library="patient_resources">
<kw name="Open Browser" library="SeleniumLibrary">
<doc>Opens a new browser instance to the optional ``url``.</doc>
<arguments>
<arg>${url_patient}</arg>
<arg>${browser}</arg>
</arguments>
<msg timestamp="20200626 09:03:50.935" level="INFO">Opening browser 'gc' to base url 'https://testportal.dhi.co.th/'.</msg>
<status status="PASS" starttime="20200626 09:03:50.935" endtime="20200626 09:03:54.036"></status>
</kw>
<kw name="Maximize Browser Window" library="SeleniumLibrary">
<doc>Maximizes current browser window.</doc>
<status status="PASS" starttime="20200626 09:03:54.036" endtime="20200626 09:03:54.187"></status>
</kw>
<kw name="Wait Until Page Contains" library="SeleniumLibrary">
<doc>Waits until ``text`` appears on the current page.</doc>
<arguments>
<arg>ปรึกษาอาการป่วยเบื้องต้น</arg>
<arg>timeout=15s</arg>
</arguments>
<status status="PASS" starttime="20200626 09:03:54.187" endtime="20200626 09:03:54.206"></status>
</kw>
<status status="PASS" starttime="20200626 09:03:50.934" endtime="20200626 09:03:54.206"></status>
</kw>
<kw name="Appointment doctor" library="patient_resources">
<kw name="Login with user patient" library="patient_resources">
<kw name="Wait Until Keyword Succeeds" library="BuiltIn">
<doc>Runs the specified keyword and retries if it fails.</doc>
<arguments>
<arg>5x</arg>
<arg>3s</arg>
<arg>Click Element</arg>
<arg>${f_login}</arg>
</arguments>
<kw name="Click Element" library="SeleniumLibrary">
<doc>Click the element identified by ``locator``.</doc>
<arguments>
<arg>${f_login}</arg>
</arguments>
<msg timestamp="20200626 09:03:54.209" level="INFO">Clicking element '//li[1]//a[1]//button[1]'.</msg>
<status status="PASS" starttime="20200626 09:03:54.208" endtime="20200626 09:03:54.253"></status>
</kw>
<status status="PASS" starttime="20200626 09:03:54.208" endtime="20200626 09:03:54.253"></status>
</kw>
<kw name="Wait Until Page Contains" library="SeleniumLibrary">
<doc>Waits until ``text`` appears on the current page.</doc>
<arguments>
<arg>เข้าสู่ระบบ</arg>
<arg>timeout=15s</arg>
</arguments>
<status status="PASS" starttime="20200626 09:03:54.253" endtime="20200626 09:03:54.264"></status>
</kw>
<kw name="Sleep" library="BuiltIn">
<doc>Pauses the test executed for the given time.</doc>
<arguments>
<arg>2s</arg>
</arguments>
<msg timestamp="20200626 09:03:56.265" level="INFO">Slept 2 seconds</msg>
<status status="PASS" starttime="20200626 09:03:54.264" endtime="20200626 09:03:56.266"></status>
</kw>
<kw name="Input Text" library="SeleniumLibrary">
<doc>Types the given ``text`` into the text field identified by ``locator``.</doc>
<arguments>
<arg>${username}</arg>
<arg>${user_patient}</arg>
</arguments>
<msg timestamp="20200626 09:03:56.266" level="INFO">Typing text 'vasinz' into text field '//input[@id='input-username']'.</msg>
<status status="PASS" starttime="20200626 09:03:56.266" endtime="20200626 09:03:56.377"></status>
</kw>
<kw name="Input Text" library="SeleniumLibrary">
<doc>Types the given ``text`` into the text field identified by ``locator``.</doc>
<arguments>
<arg>${password}</arg>
<arg>${password_patient}</arg>
</arguments>
<msg timestamp="20200626 09:03:56.378" level="INFO">Typing text 'm12345678' into text field '//input[@id='input-password']'.</msg>
<status status="PASS" starttime="20200626 09:03:56.377" endtime="20200626 09:03:56.485"></status>
</kw>
<kw name="Wait Until Keyword Succeeds" library="BuiltIn">
<doc>Runs the specified keyword and retries if it fails.</doc>
<arguments>
<arg>5x</arg>
<arg>3s</arg>
<arg>Click Element</arg>
<arg>${login_button}</arg>
</arguments>
<kw name="Click Element" library="SeleniumLibrary">
<doc>Click the element identified by ``locator``.</doc>
<arguments>
<arg>${login_button}</arg>
</arguments>
<msg timestamp="20200626 09:03:56.485" level="INFO">Clicking element '//body//button[1]'.</msg>
<status status="PASS" starttime="20200626 09:03:56.485" endtime="20200626 09:03:56.522"></status>
</kw>
<status status="PASS" starttime="20200626 09:03:56.485" endtime="20200626 09:03:56.522"></status>
</kw>
<kw name="Wait Until Page Contains" library="SeleniumLibrary">
<doc>Waits until ``text`` appears on the current page.</doc>
<arguments>
<arg>ปรึกษาอาการป่วยเบื้องต้น</arg>
<arg>timeout=15s</arg>
</arguments>
<status status="PASS" starttime="20200626 09:03:56.522" endtime="20200626 09:03:57.599"></status>
</kw>
<status status="PASS" starttime="20200626 09:03:54.207" endtime="20200626 09:03:57.599"></status>
</kw>
<kw name="Wait Until Keyword Succeeds" library="BuiltIn">
<doc>Runs the specified keyword and retries if it fails.</doc>
<arguments>
<arg>5x</arg>
<arg>3s</arg>
<arg>Click Element</arg>
<arg>${Hamberger}</arg>
</arguments>
<kw name="Click Element" library="SeleniumLibrary">
<doc>Click the element identified by ``locator``.</doc>
<arguments>
<arg>${Hamberger}</arg>
</arguments>
<msg timestamp="20200626 09:03:57.600" level="INFO">Clicking element '//nav[@id='nav']//*[local-name()='svg']//*[name()='path' and contains(@fill,'currentCol')]'.</msg>
<status status="PASS" starttime="20200626 09:03:57.600" endtime="20200626 09:03:57.655"></status>
</kw>
<status status="PASS" starttime="20200626 09:03:57.599" endtime="20200626 09:03:57.655"></status>
</kw>
<kw name="Wait Until Keyword Succeeds" library="BuiltIn">
<doc>Runs the specified keyword and retries if it fails.</doc>
<arguments>
<arg>5x</arg>
<arg>3s</arg>
<arg>Click Element</arg>
<arg>${appoint}</arg>
</arguments>
<kw name="Click Element" library="SeleniumLibrary">
<doc>Click the element identified by ``locator``.</doc>
<arguments>
<arg>${appoint}</arg>
</arguments>
<msg timestamp="20200626 09:03:57.656" level="INFO">Clicking element '//body[1]/div[1]/div[1]/main[1]/div[1]/div[2]/div[1]/div[1]/div[1]/div[3]/div[2]/ul[1]/li[1]/a[1]'.</msg>
<kw name="Capture Page Screenshot" library="SeleniumLibrary">
<doc>Takes a screenshot of the current page and embeds it into a log file.</doc>
<msg timestamp="20200626 09:03:58.418" level="INFO" html="yes">&lt;/td&gt;&lt;/tr&gt;&lt;tr&gt;&lt;td colspan="3"&gt;&lt;a href="selenium-screenshot-2.png"&gt;&lt;img src="selenium-screenshot-2.png" width="800px"&gt;&lt;/a&gt;</msg>
<status status="PASS" starttime="20200626 09:03:57.686" endtime="20200626 09:03:58.418"></status>
</kw>
<msg timestamp="20200626 09:03:58.419" level="FAIL">ElementNotInteractableException: Message: element not interactable
  (Session info: chrome=83.0.4103.116)
</msg>
<status status="FAIL" starttime="20200626 09:03:57.656" endtime="20200626 09:03:58.419"></status>
</kw>
<kw name="Click Element" library="SeleniumLibrary">
<doc>Click the element identified by ``locator``.</doc>
<arguments>
<arg>${appoint}</arg>
</arguments>
<msg timestamp="20200626 09:04:01.420" level="INFO">Clicking element '//body[1]/div[1]/div[1]/main[1]/div[1]/div[2]/div[1]/div[1]/div[1]/div[3]/div[2]/ul[1]/li[1]/a[1]'.</msg>
<status status="PASS" starttime="20200626 09:04:01.419" endtime="20200626 09:04:01.467"></status>
</kw>
<status status="PASS" starttime="20200626 09:03:57.655" endtime="20200626 09:04:01.468"></status>
</kw>
<kw name="Wait Until Keyword Succeeds" library="BuiltIn">
<doc>Runs the specified keyword and retries if it fails.</doc>
<arguments>
<arg>5x</arg>
<arg>3s</arg>
<arg>Click Element</arg>
<arg>${select_title}</arg>
</arguments>
<kw name="Click Element" library="SeleniumLibrary">
<doc>Click the element identified by ``locator``.</doc>
<arguments>
<arg>${select_title}</arg>
</arguments>
<msg timestamp="20200626 09:04:01.468" level="INFO">Clicking element '//body[1]/div[1]/div[1]/main[1]/div[2]/div[1]/div[2]/div[1]/div[3]/div[1]/div[1]'.</msg>
<kw name="Capture Page Screenshot" library="SeleniumLibrary">
<doc>Takes a screenshot of the current page and embeds it into a log file.</doc>
<msg timestamp="20200626 09:04:02.257" level="INFO" html="yes">&lt;/td&gt;&lt;/tr&gt;&lt;tr&gt;&lt;td colspan="3"&gt;&lt;a href="selenium-screenshot-3.png"&gt;&lt;img src="selenium-screenshot-3.png" width="800px"&gt;&lt;/a&gt;</msg>
<status status="PASS" starttime="20200626 09:04:01.534" endtime="20200626 09:04:02.257"></status>
</kw>
<msg timestamp="20200626 09:04:02.258" level="FAIL">Element with locator '//body[1]/div[1]/div[1]/main[1]/div[2]/div[1]/div[2]/div[1]/div[3]/div[1]/div[1]' not found.</msg>
<status status="FAIL" starttime="20200626 09:04:01.468" endtime="20200626 09:04:02.259"></status>
</kw>
<kw name="Click Element" library="SeleniumLibrary">
<doc>Click the element identified by ``locator``.</doc>
<arguments>
<arg>${select_title}</arg>
</arguments>
<msg timestamp="20200626 09:04:05.260" level="INFO">Clicking element '//body[1]/div[1]/div[1]/main[1]/div[2]/div[1]/div[2]/div[1]/div[3]/div[1]/div[1]'.</msg>
<status status="PASS" starttime="20200626 09:04:05.259" endtime="20200626 09:04:05.325"></status>
</kw>
<status status="PASS" starttime="20200626 09:04:01.468" endtime="20200626 09:04:05.325"></status>
</kw>
<kw name="Scroll Element Into View" library="SeleniumLibrary">
<doc>Scrolls the element identified by ``locator`` into view.</doc>
<arguments>
<arg>${next_select}</arg>
</arguments>
<status status="PASS" starttime="20200626 09:04:05.325" endtime="20200626 09:04:05.612"></status>
</kw>
<kw name="Wait Until Keyword Succeeds" library="BuiltIn">
<doc>Runs the specified keyword and retries if it fails.</doc>
<arguments>
<arg>5x</arg>
<arg>3s</arg>
<arg>Click Element</arg>
<arg>${next_select}</arg>
</arguments>
<kw name="Click Element" library="SeleniumLibrary">
<doc>Click the element identified by ``locator``.</doc>
<arguments>
<arg>${next_select}</arg>
</arguments>
<msg timestamp="20200626 09:04:05.613" level="INFO">Clicking element '//div[@id='__layout']//main//div//div//div//div//div//div//button'.</msg>
<status status="PASS" starttime="20200626 09:04:05.613" endtime="20200626 09:04:05.660"></status>
</kw>
<status status="PASS" starttime="20200626 09:04:05.612" endtime="20200626 09:04:05.660"></status>
</kw>
<kw name="Wait Until Keyword Succeeds" library="BuiltIn">
<doc>Runs the specified keyword and retries if it fails.</doc>
<arguments>
<arg>5x</arg>
<arg>3s</arg>
<arg>Click Element</arg>
<arg>${select_doctor}</arg>
</arguments>
<kw name="Click Element" library="SeleniumLibrary">
<doc>Click the element identified by ``locator``.</doc>
<arguments>
<arg>${select_doctor}</arg>
</arguments>
<msg timestamp="20200626 09:04:05.661" level="INFO">Clicking element '//body/div[@id='__nuxt']/div[@id='__layout']/main/div/div/div/div/div/div/div/div[2]/div[1]'.</msg>
<kw name="Capture Page Screenshot" library="SeleniumLibrary">
<doc>Takes a screenshot of the current page and embeds it into a log file.</doc>
<msg timestamp="20200626 09:04:06.199" level="INFO" html="yes">&lt;/td&gt;&lt;/tr&gt;&lt;tr&gt;&lt;td colspan="3"&gt;&lt;a href="selenium-screenshot-4.png"&gt;&lt;img src="selenium-screenshot-4.png" width="800px"&gt;&lt;/a&gt;</msg>
<status status="PASS" starttime="20200626 09:04:05.670" endtime="20200626 09:04:06.199"></status>
</kw>
<msg timestamp="20200626 09:04:06.200" level="FAIL">Element with locator '//body/div[@id='__nuxt']/div[@id='__layout']/main/div/div/div/div/div/div/div/div[2]/div[1]' not found.</msg>
<status status="FAIL" starttime="20200626 09:04:05.661" endtime="20200626 09:04:06.200"></status>
</kw>
<kw name="Click Element" library="SeleniumLibrary">
<doc>Click the element identified by ``locator``.</doc>
<arguments>
<arg>${select_doctor}</arg>
</arguments>
<msg timestamp="20200626 09:04:09.203" level="INFO">Clicking element '//body/div[@id='__nuxt']/div[@id='__layout']/main/div/div/div/div/div/div/div/div[2]/div[1]'.</msg>
<kw name="Capture Page Screenshot" library="SeleniumLibrary">
<doc>Takes a screenshot of the current page and embeds it into a log file.</doc>
<msg timestamp="20200626 09:04:09.724" level="INFO" html="yes">&lt;/td&gt;&lt;/tr&gt;&lt;tr&gt;&lt;td colspan="3"&gt;&lt;a href="selenium-screenshot-5.png"&gt;&lt;img src="selenium-screenshot-5.png" width="800px"&gt;&lt;/a&gt;</msg>
<status status="PASS" starttime="20200626 09:04:09.212" endtime="20200626 09:04:09.724"></status>
</kw>
<msg timestamp="20200626 09:04:09.724" level="FAIL">Element with locator '//body/div[@id='__nuxt']/div[@id='__layout']/main/div/div/div/div/div/div/div/div[2]/div[1]' not found.</msg>
<status status="FAIL" starttime="20200626 09:04:09.202" endtime="20200626 09:04:09.724"></status>
</kw>
<kw name="Click Element" library="SeleniumLibrary">
<doc>Click the element identified by ``locator``.</doc>
<arguments>
<arg>${select_doctor}</arg>
</arguments>
<msg timestamp="20200626 09:04:12.726" level="INFO">Clicking element '//body/div[@id='__nuxt']/div[@id='__layout']/main/div/div/div/div/div/div/div/div[2]/div[1]'.</msg>
<kw name="Capture Page Screenshot" library="SeleniumLibrary">
<doc>Takes a screenshot of the current page and embeds it into a log file.</doc>
<msg timestamp="20200626 09:04:13.251" level="INFO" html="yes">&lt;/td&gt;&lt;/tr&gt;&lt;tr&gt;&lt;td colspan="3"&gt;&lt;a href="selenium-screenshot-6.png"&gt;&lt;img src="selenium-screenshot-6.png" width="800px"&gt;&lt;/a&gt;</msg>
<status status="PASS" starttime="20200626 09:04:12.737" endtime="20200626 09:04:13.251"></status>
</kw>
<msg timestamp="20200626 09:04:13.252" level="FAIL">Element with locator '//body/div[@id='__nuxt']/div[@id='__layout']/main/div/div/div/div/div/div/div/div[2]/div[1]' not found.</msg>
<status status="FAIL" starttime="20200626 09:04:12.725" endtime="20200626 09:04:13.252"></status>
</kw>
<kw name="Click Element" library="SeleniumLibrary">
<doc>Click the element identified by ``locator``.</doc>
<arguments>
<arg>${select_doctor}</arg>
</arguments>
<msg timestamp="20200626 09:04:16.253" level="INFO">Clicking element '//body/div[@id='__nuxt']/div[@id='__layout']/main/div/div/div/div/div/div/div/div[2]/div[1]'.</msg>
<kw name="Capture Page Screenshot" library="SeleniumLibrary">
<doc>Takes a screenshot of the current page and embeds it into a log file.</doc>
<msg timestamp="20200626 09:04:16.801" level="INFO" html="yes">&lt;/td&gt;&lt;/tr&gt;&lt;tr&gt;&lt;td colspan="3"&gt;&lt;a href="selenium-screenshot-7.png"&gt;&lt;img src="selenium-screenshot-7.png" width="800px"&gt;&lt;/a&gt;</msg>
<status status="PASS" starttime="20200626 09:04:16.261" endtime="20200626 09:04:16.801"></status>
</kw>
<msg timestamp="20200626 09:04:16.801" level="FAIL">Element with locator '//body/div[@id='__nuxt']/div[@id='__layout']/main/div/div/div/div/div/div/div/div[2]/div[1]' not found.</msg>
<status status="FAIL" starttime="20200626 09:04:16.252" endtime="20200626 09:04:16.801"></status>
</kw>
<kw name="Click Element" library="SeleniumLibrary">
<doc>Click the element identified by ``locator``.</doc>
<arguments>
<arg>${select_doctor}</arg>
</arguments>
<msg timestamp="20200626 09:04:19.803" level="INFO">Clicking element '//body/div[@id='__nuxt']/div[@id='__layout']/main/div/div/div/div/div/div/div/div[2]/div[1]'.</msg>
<kw name="Capture Page Screenshot" library="SeleniumLibrary">
<doc>Takes a screenshot of the current page and embeds it into a log file.</doc>
<msg timestamp="20200626 09:04:20.324" level="INFO" html="yes">&lt;/td&gt;&lt;/tr&gt;&lt;tr&gt;&lt;td colspan="3"&gt;&lt;a href="selenium-screenshot-8.png"&gt;&lt;img src="selenium-screenshot-8.png" width="800px"&gt;&lt;/a&gt;</msg>
<status status="PASS" starttime="20200626 09:04:19.812" endtime="20200626 09:04:20.324"></status>
</kw>
<msg timestamp="20200626 09:04:20.325" level="FAIL">Element with locator '//body/div[@id='__nuxt']/div[@id='__layout']/main/div/div/div/div/div/div/div/div[2]/div[1]' not found.</msg>
<status status="FAIL" starttime="20200626 09:04:19.802" endtime="20200626 09:04:20.325"></status>
</kw>
<msg timestamp="20200626 09:04:20.325" level="FAIL">Keyword 'Click Element' failed after retrying 5 times. The last error was: Element with locator '//body/div[@id='__nuxt']/div[@id='__layout']/main/div/div/div/div/div/div/div/div[2]/div[1]' not found.</msg>
<status status="FAIL" starttime="20200626 09:04:05.660" endtime="20200626 09:04:20.325"></status>
</kw>
<status status="FAIL" starttime="20200626 09:03:54.207" endtime="20200626 09:04:20.325"></status>
</kw>
<status status="FAIL" starttime="20200626 09:03:50.933" endtime="20200626 09:04:20.325" critical="yes">Keyword 'Click Element' failed after retrying 5 times. The last error was: Element with locator '//body/div[@id='__nuxt']/div[@id='__layout']/main/div/div/div/div/div/div/div/div[2]/div[1]' not found.</status>
</test>
<status status="FAIL" starttime="20200626 09:03:15.793" endtime="20200626 09:04:20.326"></status>
</suite>
<statistics>
<total>
<stat pass="2" fail="1">Critical Tests</stat>
<stat pass="2" fail="1">All Tests</stat>
</total>
<tag>
</tag>
<suite>
<stat pass="2" fail="1" id="s1" name="Patient">Patient</stat>
</suite>
</statistics>
<errors>
</errors>
</robot>
