<?xml version="1.0" encoding="UTF-8"?>
<robot generator="Robot 3.2.1 (Python 3.8.2 on darwin)" generated="20200701 09:00:34.727" rpa="false">
<suite id="s1" name="Patient" source="/Users/mild/Documents/Work_inet/Automate/Automate_Telemed/Automate_patient/testsuite/patient.robot">
<test id="s1-t1" name="Login-Edit-appointment">
<kw name="Open Dhi Patient" library="patient_resources">
<kw name="Open Browser" library="SeleniumLibrary">
<doc>Opens a new browser instance to the optional ``url``.</doc>
<arguments>
<arg>${url_patient}</arg>
<arg>${browser}</arg>
</arguments>
<msg timestamp="20200701 09:00:35.061" level="INFO">Opening browser 'gc' to base url 'https://testportal.dhi.co.th/'.</msg>
<status status="PASS" starttime="20200701 09:00:35.060" endtime="20200701 09:00:40.791"></status>
</kw>
<kw name="Maximize Browser Window" library="SeleniumLibrary">
<doc>Maximizes current browser window.</doc>
<status status="PASS" starttime="20200701 09:00:40.792" endtime="20200701 09:00:40.909"></status>
</kw>
<kw name="Wait Until Page Contains" library="SeleniumLibrary">
<doc>Waits until ``text`` appears on the current page.</doc>
<arguments>
<arg>ปรึกษาอาการป่วยเบื้องต้น</arg>
<arg>timeout=15s</arg>
</arguments>
<status status="PASS" starttime="20200701 09:00:40.909" endtime="20200701 09:00:40.953"></status>
</kw>
<status status="PASS" starttime="20200701 09:00:35.060" endtime="20200701 09:00:40.953"></status>
</kw>
<kw name="Login with user patient" library="patient_resources">
<kw name="Wait Until Keyword Succeeds" library="BuiltIn">
<doc>Runs the specified keyword and retries if it fails.</doc>
<arguments>
<arg>5x</arg>
<arg>3s</arg>
<arg>Click Element</arg>
<arg>${f_login}</arg>
</arguments>
<kw name="Click Element" library="SeleniumLibrary">
<doc>Click the element identified by ``locator``.</doc>
<arguments>
<arg>${f_login}</arg>
</arguments>
<msg timestamp="20200701 09:00:40.954" level="INFO">Clicking element '//li[1]//a[1]//button[1]'.</msg>
<status status="PASS" starttime="20200701 09:00:40.954" endtime="20200701 09:00:40.994"></status>
</kw>
<status status="PASS" starttime="20200701 09:00:40.954" endtime="20200701 09:00:40.994"></status>
</kw>
<kw name="Wait Until Page Contains" library="SeleniumLibrary">
<doc>Waits until ``text`` appears on the current page.</doc>
<arguments>
<arg>เข้าสู่ระบบ</arg>
<arg>timeout=15s</arg>
</arguments>
<status status="PASS" starttime="20200701 09:00:40.994" endtime="20200701 09:00:41.020"></status>
</kw>
<kw name="Sleep" library="BuiltIn">
<doc>Pauses the test executed for the given time.</doc>
<arguments>
<arg>2s</arg>
</arguments>
<msg timestamp="20200701 09:00:43.022" level="INFO">Slept 2 seconds</msg>
<status status="PASS" starttime="20200701 09:00:41.020" endtime="20200701 09:00:43.022"></status>
</kw>
<kw name="Input Text" library="SeleniumLibrary">
<doc>Types the given ``text`` into the text field identified by ``locator``.</doc>
<arguments>
<arg>${username}</arg>
<arg>${user_patient}</arg>
</arguments>
<msg timestamp="20200701 09:00:43.023" level="INFO">Typing text 'vasinz' into text field '//input[@id='input-username']'.</msg>
<status status="PASS" starttime="20200701 09:00:43.022" endtime="20200701 09:00:43.142"></status>
</kw>
<kw name="Input Text" library="SeleniumLibrary">
<doc>Types the given ``text`` into the text field identified by ``locator``.</doc>
<arguments>
<arg>${password}</arg>
<arg>${password_patient}</arg>
</arguments>
<msg timestamp="20200701 09:00:43.142" level="INFO">Typing text 'm12345678' into text field '//input[@id='input-password']'.</msg>
<status status="PASS" starttime="20200701 09:00:43.142" endtime="20200701 09:00:43.249"></status>
</kw>
<kw name="Wait Until Keyword Succeeds" library="BuiltIn">
<doc>Runs the specified keyword and retries if it fails.</doc>
<arguments>
<arg>5x</arg>
<arg>3s</arg>
<arg>Click Element</arg>
<arg>${login_button}</arg>
</arguments>
<kw name="Click Element" library="SeleniumLibrary">
<doc>Click the element identified by ``locator``.</doc>
<arguments>
<arg>${login_button}</arg>
</arguments>
<msg timestamp="20200701 09:00:43.250" level="INFO">Clicking element '//body//button[1]'.</msg>
<status status="PASS" starttime="20200701 09:00:43.249" endtime="20200701 09:00:43.290"></status>
</kw>
<status status="PASS" starttime="20200701 09:00:43.249" endtime="20200701 09:00:43.290"></status>
</kw>
<kw name="Wait Until Page Contains" library="SeleniumLibrary">
<doc>Waits until ``text`` appears on the current page.</doc>
<arguments>
<arg>ปรึกษาอาการป่วยเบื้องต้น</arg>
<arg>timeout=15s</arg>
</arguments>
<status status="PASS" starttime="20200701 09:00:43.290" endtime="20200701 09:00:44.155"></status>
</kw>
<status status="PASS" starttime="20200701 09:00:40.953" endtime="20200701 09:00:44.155"></status>
</kw>
<kw name="Sleep" library="BuiltIn">
<doc>Pauses the test executed for the given time.</doc>
<arguments>
<arg>5s</arg>
</arguments>
<msg timestamp="20200701 09:00:49.155" level="INFO">Slept 5 seconds</msg>
<status status="PASS" starttime="20200701 09:00:44.155" endtime="20200701 09:00:49.156"></status>
</kw>
<kw name="Capture Page Screenshot" library="SeleniumLibrary">
<doc>Takes a screenshot of the current page and embeds it into a log file.</doc>
<msg timestamp="20200701 09:00:49.801" level="INFO" html="yes">&lt;/td&gt;&lt;/tr&gt;&lt;tr&gt;&lt;td colspan="3"&gt;&lt;a href="selenium-screenshot-1.png"&gt;&lt;img src="selenium-screenshot-1.png" width="800px"&gt;&lt;/a&gt;</msg>
<status status="PASS" starttime="20200701 09:00:49.156" endtime="20200701 09:00:49.801"></status>
</kw>
<kw name="Close Browser" library="SeleniumLibrary">
<doc>Closes the current browser.</doc>
<status status="PASS" starttime="20200701 09:00:49.801" endtime="20200701 09:00:49.903"></status>
</kw>
<status status="PASS" starttime="20200701 09:00:35.059" endtime="20200701 09:00:49.903" critical="yes"></status>
</test>
<status status="PASS" starttime="20200701 09:00:34.729" endtime="20200701 09:00:49.905"></status>
</suite>
<statistics>
<total>
<stat pass="1" fail="0">Critical Tests</stat>
<stat pass="1" fail="0">All Tests</stat>
</total>
<tag>
</tag>
<suite>
<stat pass="1" fail="0" id="s1" name="Patient">Patient</stat>
</suite>
</statistics>
<errors>
</errors>
</robot>
